Assuming unrestricted shared filesystem usage.
None
host: vscode-python-gpu-798204-0
Building DAG of jobs...
Using shell: /usr/bin/bash
Provided cores: 5
Rules claiming more threads will be scaled down.
Provided resources: gpu=1
Job stats:
job                    count
-------------------  -------
all                        1
analyse_ci_rope            1
analyse_clustering         1
analyse_descriptive        1
analyse_lme                1
analyse_tests              1
extract_acoustics          1
extract_whisper            2
extract_xlsr               3
normalise_acoustic         1
normalise_whisper          2
normalise_xlsr             3
parse_corpus               1
total                     19

Select jobs to execute...
Execute 1 jobs...
[Tue May  5 10:22:05 2026]
localrule parse_corpus:
    output: outputs/table.csv
    jobid: 4
    reason: Missing output files: outputs/table.csv
    resources: tmpdir=/tmp
[Tue May  5 10:22:26 2026]
Finished jobid: 4 (Rule: parse_corpus)
1 of 19 steps (5%) done
Select jobs to execute...
Execute 2 jobs...
[Tue May  5 10:22:26 2026]
localrule extract_whisper:
    input: outputs/table.csv
    output: outputs/features_whisper_l8.npz
    jobid: 6
    reason: Missing output files: outputs/features_whisper_l8.npz; Input files updated by another job: outputs/table.csv
    wildcards: layer=8
    resources: tmpdir=/tmp, gpu=1
[Tue May  5 10:22:26 2026]
localrule extract_acoustics:
    input: outputs/table.csv
    output: outputs/features_acoustic.csv
    jobid: 3
    reason: Missing output files: outputs/features_acoustic.csv; Input files updated by another job: outputs/table.csv
    resources: tmpdir=/tmp
Select jobs to execute...
[Tue May  5 10:24:48 2026]
Finished jobid: 3 (Rule: extract_acoustics)
2 of 19 steps (11%) done
Execute 1 jobs...
[Tue May  5 10:24:48 2026]
localrule normalise_acoustic:
    input: outputs/features_acoustic.csv
    output: outputs/features_acoustic_norm.csv
    jobid: 2
    reason: Missing output files: outputs/features_acoustic_norm.csv; Input files updated by another job: outputs/features_acoustic.csv
    resources: tmpdir=/tmp
Select jobs to execute...
[Tue May  5 10:24:57 2026]
Finished jobid: 2 (Rule: normalise_acoustic)
3 of 19 steps (16%) done
[Tue May  5 10:40:16 2026]
Finished jobid: 6 (Rule: extract_whisper)
4 of 19 steps (21%) done
Execute 2 jobs...
[Tue May  5 10:40:16 2026]
localrule extract_xlsr:
    input: outputs/table.csv
    output: outputs/features_xlsr_l20.npz
    jobid: 14
    reason: Missing output files: outputs/features_xlsr_l20.npz; Input files updated by another job: outputs/table.csv
    wildcards: layer=20
    resources: tmpdir=/tmp, gpu=1
[Tue May  5 10:40:16 2026]
localrule normalise_whisper:
    input: outputs/features_whisper_l8.npz
    output: outputs/neural_norm/whisper_l8/pca_clust.npz, outputs/neural_norm/whisper_l8/pca_lme.npz, outputs/neural_norm/whisper_l8/pca2.npz, outputs/neural_norm/whisper_l8/umap2.npz
    jobid: 5
    reason: Missing output files: outputs/neural_norm/whisper_l8/pca2.npz, outputs/neural_norm/whisper_l8/pca_clust.npz, outputs/neural_norm/whisper_l8/pca_lme.npz, outputs/neural_norm/whisper_l8/umap2.npz; Input files updated by another job: outputs/features_whisper_l8.npz
    wildcards: layer=8
    resources: tmpdir=/tmp
Select jobs to execute...
[Tue May  5 10:40:59 2026]
Finished jobid: 5 (Rule: normalise_whisper)
5 of 19 steps (26%) done
[Tue May  5 10:43:05 2026]
Finished jobid: 14 (Rule: extract_xlsr)
6 of 19 steps (32%) done
Execute 2 jobs...
[Tue May  5 10:43:05 2026]
localrule normalise_xlsr:
    input: outputs/features_xlsr_l20.npz
    output: outputs/neural_norm/xlsr_l20/pca_clust.npz, outputs/neural_norm/xlsr_l20/pca_lme.npz, outputs/neural_norm/xlsr_l20/pca2.npz, outputs/neural_norm/xlsr_l20/umap2.npz
    jobid: 13
    reason: Missing output files: outputs/neural_norm/xlsr_l20/umap2.npz, outputs/neural_norm/xlsr_l20/pca2.npz, outputs/neural_norm/xlsr_l20/pca_clust.npz, outputs/neural_norm/xlsr_l20/pca_lme.npz; Input files updated by another job: outputs/features_xlsr_l20.npz
    wildcards: layer=20
    resources: tmpdir=/tmp
[Tue May  5 10:43:05 2026]
localrule extract_xlsr:
    input: outputs/table.csv
    output: outputs/features_xlsr_l4.npz
    jobid: 10
    reason: Missing output files: outputs/features_xlsr_l4.npz; Input files updated by another job: outputs/table.csv
    wildcards: layer=4
    resources: tmpdir=/tmp, gpu=1
Select jobs to execute...
[Tue May  5 10:43:51 2026]
Finished jobid: 13 (Rule: normalise_xlsr)
7 of 19 steps (37%) done
[Tue May  5 10:46:40 2026]
Finished jobid: 10 (Rule: extract_xlsr)
8 of 19 steps (42%) done
Execute 2 jobs...
[Tue May  5 10:46:40 2026]
localrule normalise_xlsr:
    input: outputs/features_xlsr_l4.npz
    output: outputs/neural_norm/xlsr_l4/pca_clust.npz, outputs/neural_norm/xlsr_l4/pca_lme.npz, outputs/neural_norm/xlsr_l4/pca2.npz, outputs/neural_norm/xlsr_l4/umap2.npz
    jobid: 9
    reason: Missing output files: outputs/neural_norm/xlsr_l4/pca_lme.npz, outputs/neural_norm/xlsr_l4/pca_clust.npz, outputs/neural_norm/xlsr_l4/pca2.npz, outputs/neural_norm/xlsr_l4/umap2.npz; Input files updated by another job: outputs/features_xlsr_l4.npz
    wildcards: layer=4
    resources: tmpdir=/tmp
[Tue May  5 10:46:40 2026]
localrule extract_whisper:
    input: outputs/table.csv
    output: outputs/features_whisper_l28.npz
    jobid: 8
    reason: Missing output files: outputs/features_whisper_l28.npz; Input files updated by another job: outputs/table.csv
    wildcards: layer=28
    resources: tmpdir=/tmp, gpu=1
Select jobs to execute...
[Tue May  5 10:47:29 2026]
Finished jobid: 9 (Rule: normalise_xlsr)
9 of 19 steps (47%) done
[Tue May  5 11:04:20 2026]
Finished jobid: 8 (Rule: extract_whisper)
10 of 19 steps (53%) done
Execute 2 jobs...
[Tue May  5 11:04:20 2026]
localrule normalise_whisper:
    input: outputs/features_whisper_l28.npz
    output: outputs/neural_norm/whisper_l28/pca_clust.npz, outputs/neural_norm/whisper_l28/pca_lme.npz, outputs/neural_norm/whisper_l28/pca2.npz, outputs/neural_norm/whisper_l28/umap2.npz
    jobid: 7
    reason: Missing output files: outputs/neural_norm/whisper_l28/pca_clust.npz, outputs/neural_norm/whisper_l28/pca2.npz, outputs/neural_norm/whisper_l28/umap2.npz, outputs/neural_norm/whisper_l28/pca_lme.npz; Input files updated by another job: outputs/features_whisper_l28.npz
    wildcards: layer=28
    resources: tmpdir=/tmp
[Tue May  5 11:04:20 2026]
localrule extract_xlsr:
    input: outputs/table.csv
    output: outputs/features_xlsr_l12.npz
    jobid: 12
    reason: Missing output files: outputs/features_xlsr_l12.npz; Input files updated by another job: outputs/table.csv
    wildcards: layer=12
    resources: tmpdir=/tmp, gpu=1
[Tue May  5 11:05:08 2026]
Finished jobid: 7 (Rule: normalise_whisper)
11 of 19 steps (58%) done
[Tue May  5 11:06:55 2026]
Finished jobid: 12 (Rule: extract_xlsr)
12 of 19 steps (63%) done
Select jobs to execute...
Execute 1 jobs...
[Tue May  5 11:06:55 2026]
localrule normalise_xlsr:
    input: outputs/features_xlsr_l12.npz
    output: outputs/neural_norm/xlsr_l12/pca_clust.npz, outputs/neural_norm/xlsr_l12/pca_lme.npz, outputs/neural_norm/xlsr_l12/pca2.npz, outputs/neural_norm/xlsr_l12/umap2.npz
    jobid: 11
    reason: Missing output files: outputs/neural_norm/xlsr_l12/pca_clust.npz, outputs/neural_norm/xlsr_l12/umap2.npz, outputs/neural_norm/xlsr_l12/pca2.npz, outputs/neural_norm/xlsr_l12/pca_lme.npz; Input files updated by another job: outputs/features_xlsr_l12.npz
    wildcards: layer=12
    resources: tmpdir=/tmp
[Tue May  5 11:07:36 2026]
Finished jobid: 11 (Rule: normalise_xlsr)
13 of 19 steps (68%) done
Select jobs to execute...
Execute 5 jobs...
[Tue May  5 11:07:36 2026]
localrule analyse_ci_rope:
    input: outputs/features_acoustic_norm.csv, outputs/neural_norm/whisper_l8/pca_clust.npz, outputs/neural_norm/whisper_l8/pca_lme.npz, outputs/neural_norm/whisper_l8/pca2.npz, outputs/neural_norm/whisper_l8/umap2.npz, outputs/neural_norm/whisper_l28/pca_clust.npz, outputs/neural_norm/whisper_l28/pca_lme.npz, outputs/neural_norm/whisper_l28/pca2.npz, outputs/neural_norm/whisper_l28/umap2.npz, outputs/neural_norm/xlsr_l4/pca_clust.npz, outputs/neural_norm/xlsr_l4/pca_lme.npz, outputs/neural_norm/xlsr_l4/pca2.npz, outputs/neural_norm/xlsr_l4/umap2.npz, outputs/neural_norm/xlsr_l12/pca_clust.npz, outputs/neural_norm/xlsr_l12/pca_lme.npz, outputs/neural_norm/xlsr_l12/pca2.npz, outputs/neural_norm/xlsr_l12/umap2.npz, outputs/neural_norm/xlsr_l20/pca_clust.npz, outputs/neural_norm/xlsr_l20/pca_lme.npz, outputs/neural_norm/xlsr_l20/pca2.npz, outputs/neural_norm/xlsr_l20/umap2.npz, src/analyse/ci_rope.py
    output: outputs/analysis/.ci_rope.done
    jobid: 17
    reason: Missing output files: outputs/analysis/.ci_rope.done; Input files updated by another job: outputs/neural_norm/xlsr_l12/pca_clust.npz, outputs/neural_norm/xlsr_l20/umap2.npz, outputs/neural_norm/whisper_l28/umap2.npz, outputs/neural_norm/whisper_l8/pca_lme.npz, outputs/neural_norm/xlsr_l12/pca_lme.npz, outputs/neural_norm/whisper_l8/pca2.npz, outputs/neural_norm/xlsr_l4/pca_lme.npz, outputs/neural_norm/xlsr_l12/umap2.npz, outputs/neural_norm/whisper_l28/pca_clust.npz, outputs/neural_norm/whisper_l28/pca_lme.npz, outputs/neural_norm/xlsr_l4/umap2.npz, outputs/features_acoustic_norm.csv, outputs/neural_norm/xlsr_l20/pca_clust.npz, outputs/neural_norm/xlsr_l20/pca_lme.npz, outputs/neural_norm/whisper_l8/pca_clust.npz, outputs/neural_norm/whisper_l28/pca2.npz, outputs/neural_norm/xlsr_l4/pca_clust.npz, outputs/neural_norm/xlsr_l20/pca2.npz, outputs/neural_norm/whisper_l8/umap2.npz, outputs/neural_norm/xlsr_l12/pca2.npz, outputs/neural_norm/xlsr_l4/pca2.npz
    resources: tmpdir=/tmp
[Tue May  5 11:07:36 2026]
localrule analyse_descriptive:
    input: outputs/features_acoustic_norm.csv, outputs/neural_norm/whisper_l8/pca_clust.npz, outputs/neural_norm/whisper_l8/pca_lme.npz, outputs/neural_norm/whisper_l8/pca2.npz, outputs/neural_norm/whisper_l8/umap2.npz, outputs/neural_norm/whisper_l28/pca_clust.npz, outputs/neural_norm/whisper_l28/pca_lme.npz, outputs/neural_norm/whisper_l28/pca2.npz, outputs/neural_norm/whisper_l28/umap2.npz, outputs/neural_norm/xlsr_l4/pca_clust.npz, outputs/neural_norm/xlsr_l4/pca_lme.npz, outputs/neural_norm/xlsr_l4/pca2.npz, outputs/neural_norm/xlsr_l4/umap2.npz, outputs/neural_norm/xlsr_l12/pca_clust.npz, outputs/neural_norm/xlsr_l12/pca_lme.npz, outputs/neural_norm/xlsr_l12/pca2.npz, outputs/neural_norm/xlsr_l12/umap2.npz, outputs/neural_norm/xlsr_l20/pca_clust.npz, outputs/neural_norm/xlsr_l20/pca_lme.npz, outputs/neural_norm/xlsr_l20/pca2.npz, outputs/neural_norm/xlsr_l20/umap2.npz, src/analyse/descriptive.py
    output: outputs/analysis/.descriptive.done
    jobid: 1
    reason: Missing output files: outputs/analysis/.descriptive.done; Input files updated by another job: outputs/neural_norm/xlsr_l12/pca_clust.npz, outputs/neural_norm/xlsr_l20/umap2.npz, outputs/neural_norm/whisper_l28/umap2.npz, outputs/neural_norm/whisper_l8/pca_lme.npz, outputs/neural_norm/xlsr_l12/pca_lme.npz, outputs/neural_norm/whisper_l8/pca2.npz, outputs/neural_norm/xlsr_l4/pca_lme.npz, outputs/neural_norm/xlsr_l12/umap2.npz, outputs/neural_norm/whisper_l28/pca_clust.npz, outputs/neural_norm/whisper_l28/pca_lme.npz, outputs/neural_norm/xlsr_l4/umap2.npz, outputs/features_acoustic_norm.csv, outputs/neural_norm/xlsr_l20/pca_clust.npz, outputs/neural_norm/xlsr_l20/pca_lme.npz, outputs/neural_norm/whisper_l8/pca_clust.npz, outputs/neural_norm/whisper_l28/pca2.npz, outputs/neural_norm/xlsr_l4/pca_clust.npz, outputs/neural_norm/xlsr_l20/pca2.npz, outputs/neural_norm/whisper_l8/umap2.npz, outputs/neural_norm/xlsr_l12/pca2.npz, outputs/neural_norm/xlsr_l4/pca2.npz
    resources: tmpdir=/tmp
[Tue May  5 11:07:36 2026]
localrule analyse_lme:
    input: outputs/features_acoustic_norm.csv, outputs/neural_norm/whisper_l8/pca_clust.npz, outputs/neural_norm/whisper_l8/pca_lme.npz, outputs/neural_norm/whisper_l8/pca2.npz, outputs/neural_norm/whisper_l8/umap2.npz, outputs/neural_norm/whisper_l28/pca_clust.npz, outputs/neural_norm/whisper_l28/pca_lme.npz, outputs/neural_norm/whisper_l28/pca2.npz, outputs/neural_norm/whisper_l28/umap2.npz, outputs/neural_norm/xlsr_l4/pca_clust.npz, outputs/neural_norm/xlsr_l4/pca_lme.npz, outputs/neural_norm/xlsr_l4/pca2.npz, outputs/neural_norm/xlsr_l4/umap2.npz, outputs/neural_norm/xlsr_l12/pca_clust.npz, outputs/neural_norm/xlsr_l12/pca_lme.npz, outputs/neural_norm/xlsr_l12/pca2.npz, outputs/neural_norm/xlsr_l12/umap2.npz, outputs/neural_norm/xlsr_l20/pca_clust.npz, outputs/neural_norm/xlsr_l20/pca_lme.npz, outputs/neural_norm/xlsr_l20/pca2.npz, outputs/neural_norm/xlsr_l20/umap2.npz, src/analyse/lme.py
    output: outputs/analysis/.lme.done
    jobid: 16
    reason: Missing output files: outputs/analysis/.lme.done; Input files updated by another job: outputs/neural_norm/xlsr_l12/pca_clust.npz, outputs/neural_norm/xlsr_l20/umap2.npz, outputs/neural_norm/whisper_l28/umap2.npz, outputs/neural_norm/whisper_l8/pca_lme.npz, outputs/neural_norm/xlsr_l12/pca_lme.npz, outputs/neural_norm/whisper_l8/pca2.npz, outputs/neural_norm/xlsr_l4/pca_lme.npz, outputs/neural_norm/xlsr_l12/umap2.npz, outputs/neural_norm/whisper_l28/pca_clust.npz, outputs/neural_norm/whisper_l28/pca_lme.npz, outputs/neural_norm/xlsr_l4/umap2.npz, outputs/features_acoustic_norm.csv, outputs/neural_norm/xlsr_l20/pca_clust.npz, outputs/neural_norm/xlsr_l20/pca_lme.npz, outputs/neural_norm/whisper_l8/pca_clust.npz, outputs/neural_norm/whisper_l28/pca2.npz, outputs/neural_norm/xlsr_l4/pca_clust.npz, outputs/neural_norm/xlsr_l20/pca2.npz, outputs/neural_norm/whisper_l8/umap2.npz, outputs/neural_norm/xlsr_l12/pca2.npz, outputs/neural_norm/xlsr_l4/pca2.npz
    resources: tmpdir=/tmp
[Tue May  5 11:07:36 2026]
localrule analyse_clustering:
    input: outputs/features_acoustic_norm.csv, outputs/neural_norm/whisper_l8/pca_clust.npz, outputs/neural_norm/whisper_l8/pca_lme.npz, outputs/neural_norm/whisper_l8/pca2.npz, outputs/neural_norm/whisper_l8/umap2.npz, outputs/neural_norm/whisper_l28/pca_clust.npz, outputs/neural_norm/whisper_l28/pca_lme.npz, outputs/neural_norm/whisper_l28/pca2.npz, outputs/neural_norm/whisper_l28/umap2.npz, outputs/neural_norm/xlsr_l4/pca_clust.npz, outputs/neural_norm/xlsr_l4/pca_lme.npz, outputs/neural_norm/xlsr_l4/pca2.npz, outputs/neural_norm/xlsr_l4/umap2.npz, outputs/neural_norm/xlsr_l12/pca_clust.npz, outputs/neural_norm/xlsr_l12/pca_lme.npz, outputs/neural_norm/xlsr_l12/pca2.npz, outputs/neural_norm/xlsr_l12/umap2.npz, outputs/neural_norm/xlsr_l20/pca_clust.npz, outputs/neural_norm/xlsr_l20/pca_lme.npz, outputs/neural_norm/xlsr_l20/pca2.npz, outputs/neural_norm/xlsr_l20/umap2.npz, src/analyse/clustering.py
    output: outputs/analysis/.clustering.done
    jobid: 18
    reason: Missing output files: outputs/analysis/.clustering.done; Input files updated by another job: outputs/neural_norm/xlsr_l12/pca_clust.npz, outputs/neural_norm/xlsr_l20/umap2.npz, outputs/neural_norm/whisper_l28/umap2.npz, outputs/neural_norm/whisper_l8/pca_lme.npz, outputs/neural_norm/xlsr_l12/pca_lme.npz, outputs/neural_norm/whisper_l8/pca2.npz, outputs/neural_norm/xlsr_l4/pca_lme.npz, outputs/neural_norm/xlsr_l12/umap2.npz, outputs/neural_norm/whisper_l28/pca_clust.npz, outputs/neural_norm/whisper_l28/pca_lme.npz, outputs/neural_norm/xlsr_l4/umap2.npz, outputs/features_acoustic_norm.csv, outputs/neural_norm/xlsr_l20/pca_clust.npz, outputs/neural_norm/xlsr_l20/pca_lme.npz, outputs/neural_norm/whisper_l8/pca_clust.npz, outputs/neural_norm/whisper_l28/pca2.npz, outputs/neural_norm/xlsr_l4/pca_clust.npz, outputs/neural_norm/xlsr_l20/pca2.npz, outputs/neural_norm/whisper_l8/umap2.npz, outputs/neural_norm/xlsr_l12/pca2.npz, outputs/neural_norm/xlsr_l4/pca2.npz
    resources: tmpdir=/tmp
[Tue May  5 11:07:36 2026]
localrule analyse_tests:
    input: outputs/features_acoustic_norm.csv, outputs/neural_norm/whisper_l8/pca_clust.npz, outputs/neural_norm/whisper_l8/pca_lme.npz, outputs/neural_norm/whisper_l8/pca2.npz, outputs/neural_norm/whisper_l8/umap2.npz, outputs/neural_norm/whisper_l28/pca_clust.npz, outputs/neural_norm/whisper_l28/pca_lme.npz, outputs/neural_norm/whisper_l28/pca2.npz, outputs/neural_norm/whisper_l28/umap2.npz, outputs/neural_norm/xlsr_l4/pca_clust.npz, outputs/neural_norm/xlsr_l4/pca_lme.npz, outputs/neural_norm/xlsr_l4/pca2.npz, outputs/neural_norm/xlsr_l4/umap2.npz, outputs/neural_norm/xlsr_l12/pca_clust.npz, outputs/neural_norm/xlsr_l12/pca_lme.npz, outputs/neural_norm/xlsr_l12/pca2.npz, outputs/neural_norm/xlsr_l12/umap2.npz, outputs/neural_norm/xlsr_l20/pca_clust.npz, outputs/neural_norm/xlsr_l20/pca_lme.npz, outputs/neural_norm/xlsr_l20/pca2.npz, outputs/neural_norm/xlsr_l20/umap2.npz, src/analyse/statistical_tests.py
    output: outputs/analysis/.tests.done
    jobid: 15
    reason: Missing output files: outputs/analysis/.tests.done; Input files updated by another job: outputs/neural_norm/xlsr_l12/pca_clust.npz, outputs/neural_norm/xlsr_l20/umap2.npz, outputs/neural_norm/whisper_l28/umap2.npz, outputs/neural_norm/whisper_l8/pca_lme.npz, outputs/neural_norm/xlsr_l12/pca_lme.npz, outputs/neural_norm/whisper_l8/pca2.npz, outputs/neural_norm/xlsr_l4/pca_lme.npz, outputs/neural_norm/xlsr_l12/umap2.npz, outputs/neural_norm/whisper_l28/pca_clust.npz, outputs/neural_norm/whisper_l28/pca_lme.npz, outputs/neural_norm/xlsr_l4/umap2.npz, outputs/features_acoustic_norm.csv, outputs/neural_norm/xlsr_l20/pca_clust.npz, outputs/neural_norm/xlsr_l20/pca_lme.npz, outputs/neural_norm/whisper_l8/pca_clust.npz, outputs/neural_norm/whisper_l28/pca2.npz, outputs/neural_norm/xlsr_l4/pca_clust.npz, outputs/neural_norm/xlsr_l20/pca2.npz, outputs/neural_norm/whisper_l8/umap2.npz, outputs/neural_norm/xlsr_l12/pca2.npz, outputs/neural_norm/xlsr_l4/pca2.npz
    resources: tmpdir=/tmp
Touching output file outputs/analysis/.clustering.done.
[Tue May  5 11:07:43 2026]
Finished jobid: 18 (Rule: analyse_clustering)
14 of 19 steps (74%) done
Touching output file outputs/analysis/.ci_rope.done.
[Tue May  5 11:08:49 2026]
Finished jobid: 17 (Rule: analyse_ci_rope)
15 of 19 steps (79%) done
Touching output file outputs/analysis/.descriptive.done.
[Tue May  5 11:08:59 2026]
Finished jobid: 1 (Rule: analyse_descriptive)
16 of 19 steps (84%) done
Touching output file outputs/analysis/.lme.done.
[Tue May  5 11:10:48 2026]
Finished jobid: 16 (Rule: analyse_lme)
17 of 19 steps (89%) done
Touching output file outputs/analysis/.tests.done.
[Tue May  5 11:23:13 2026]
Finished jobid: 15 (Rule: analyse_tests)
18 of 19 steps (95%) done
Select jobs to execute...
Execute 1 jobs...
[Tue May  5 11:23:13 2026]
localrule all:
    input: outputs/analysis/.descriptive.done, outputs/analysis/.tests.done, outputs/analysis/.lme.done, outputs/analysis/.ci_rope.done, outputs/analysis/.clustering.done
    jobid: 0
    reason: Input files updated by another job: outputs/analysis/.tests.done, outputs/analysis/.descriptive.done, outputs/analysis/.ci_rope.done, outputs/analysis/.lme.done, outputs/analysis/.clustering.done
    resources: tmpdir=/tmp
[Tue May  5 11:23:13 2026]
Finished jobid: 0 (Rule: all)
19 of 19 steps (100%) done
Complete log(s): /home/onyxia/work/Acoustic-Neural-Alignment/.snakemake/log/2026-05-05T102204.688880.snakemake.log
